number,value,datetime_start,datetime_complete,duration,params_cbt_d1,params_lr_d1,params_mcs_d1,params_md_d1,params_ne_d1,params_nl_d1,params_reg_lambda_d1,params_subsample_d1,system_attrs_completed_rung_0,state
0,-0.005336576706397777,2025-06-17 21:12:47.847567,2025-06-17 21:12:50.805538,0 days 00:00:02.957971,0.9948973918416527,0.01627260880649505,42,7,1000,120,0.18679691024656148,0.8666596566934599,,COMPLETE
1,-0.005291260185809015,2025-06-17 21:12:50.806536,2025-06-17 21:12:53.114027,0 days 00:00:02.307491,0.7912021836255121,0.017018551946843458,85,5,900,128,0.40850810272006954,0.8012208486894716,,COMPLETE
2,-0.005283984515266108,2025-06-17 21:12:53.115024,2025-06-17 21:12:57.040070,0 days 00:00:03.925046,0.6472414231301801,0.015572735064405582,81,11,1000,152,0.47311983015890136,0.8435277614396481,,COMPLETE
3,-0.005292119979551081,2025-06-17 21:12:57.041067,2025-06-17 21:13:03.827198,0 days 00:00:06.786131,0.8902437154669803,0.011316204511400182,21,8,1100,72,0.21619951849308733,0.8287453880916004,0.005269721684732473,COMPLETE
4,-0.005295209824206984,2025-06-17 21:13:03.828195,2025-06-17 21:13:08.633940,0 days 00:00:04.805745,0.6764009646135039,0.013388512762394163,69,11,1100,144,0.050558084494983724,0.8896561333639287,,COMPLETE
5,-0.0053042030689495106,2025-06-17 21:13:08.634937,2025-06-17 21:13:12.585229,0 days 00:00:03.950292,0.8353435165508366,0.013174844249042096,94,12,600,64,0.1753069205197374,0.9925358501040884,,COMPLETE
6,-0.005306631067280542,2025-06-17 21:13:12.586226,2025-06-17 21:13:15.453524,0 days 00:00:02.867298,0.9742135553253247,0.011079625776715445,90,6,900,128,0.15382693670001746,0.8233739927560594,,COMPLETE
7,-0.0052943416595902315,2025-06-17 21:13:15.454521,2025-06-17 21:13:17.611490,0 days 00:00:02.156969,0.7114966223151885,0.01655293618629195,51,4,900,88,0.45179617088871105,0.9702912432748155,,COMPLETE
8,-0.005283606303041401,2025-06-17 21:13:17.612487,2025-06-17 21:13:23.201886,0 days 00:00:05.589399,0.6709981069930157,0.013627670705440565,40,10,1200,104,0.3205390808648769,0.9983377194165491,0.005381799976973497,COMPLETE
9,-0.005293994285982757,2025-06-17 21:13:23.202884,2025-06-17 21:13:25.619413,0 days 00:00:02.416529,0.6199787287909467,0.02379531406725313,42,6,1000,72,0.12644645001477484,0.9375454219914432,,COMPLETE
10,0.005317265481972093,2025-06-17 21:13:25.619413,2025-06-17 21:13:29.045733,0 days 00:00:03.426320,0.7152307265351286,0.023816920527675506,26,9,1200,96,0.31135753956226947,0.9256462753845404,0.005317265481972093,PRUNED
11,-0.005295975566949424,2025-06-17 21:13:29.046730,2025-06-17 21:13:32.562302,0 days 00:00:03.515572,0.6396615754477124,0.01982532166572423,71,10,700,160,0.31495633801099876,0.8655153880618223,,COMPLETE
12,-0.0052814896066059654,2025-06-17 21:13:32.563299,2025-06-17 21:13:37.313538,0 days 00:00:04.750239,0.6018434872993383,0.014063598207877094,74,12,1200,104,0.4885370612793644,0.9497741442212669,0.005399018158785731,COMPLETE
13,-0.0052843481432111985,2025-06-17 21:13:37.314535,2025-06-17 21:13:43.132049,0 days 00:00:05.817514,0.7565162578677596,0.013355496172170205,59,12,1200,104,0.35208470922827206,0.9603837782547279,0.005402199915496835,COMPLETE
14,0.00531781031835134,2025-06-17 21:13:43.133046,2025-06-17 21:13:46.580660,0 days 00:00:03.447614,0.610973895777756,0.0203418468380123,34,10,1200,112,0.4976676272374734,0.9993081501741813,0.00531781031835134,PRUNED
15,-0.005280902138067382,2025-06-17 21:13:46.581658,2025-06-17 21:13:49.181563,0 days 00:00:02.599905,0.6927712284370804,0.029447974327961892,57,9,1100,88,0.38842882173315435,0.9565894810933255,,COMPLETE
16,-0.0053021664126259235,2025-06-17 21:13:49.181563,2025-06-17 21:13:51.935617,0 days 00:00:02.754054,0.7221884867787087,0.026182421589570105,70,8,1100,80,0.38766213901155483,0.9223429321994766,,COMPLETE
17,-0.005278114496574009,2025-06-17 21:13:51.935617,2025-06-17 21:13:54.899720,0 days 00:00:02.964103,0.6059783273605079,0.029195061469813086,60,9,800,88,0.40668430995703814,0.9520445874762257,,COMPLETE
18,-0.00529953787967195,2025-06-17 21:13:54.899720,2025-06-17 21:13:57.403769,0 days 00:00:02.504049,0.8617463874892994,0.02890644609872941,57,8,700,88,0.25646693531208015,0.9086062067249993,,COMPLETE
19,-0.005288349247457365,2025-06-17 21:13:57.403769,2025-06-17 21:14:00.147716,0 days 00:00:02.743947,0.7699093640083117,0.029673762580702732,50,9,800,88,0.419460138499664,0.9740277891723294,,COMPLETE
20,-0.005285584565406618,2025-06-17 21:14:00.148712,2025-06-17 21:14:03.671310,0 days 00:00:03.522598,0.6774790755205842,0.020017415073233572,65,9,800,64,0.2573530731723352,0.896637850365842,,COMPLETE
21,-0.005285573448397935,2025-06-17 21:14:03.671310,2025-06-17 21:14:06.809910,0 days 00:00:03.138600,0.6079190943482352,0.026455140115528623,78,11,800,104,0.4438322333017639,0.9509564796357459,,COMPLETE
22,-0.005269131461784258,2025-06-17 21:14:06.809910,2025-06-17 21:14:09.984356,0 days 00:00:03.174446,0.6003512401238329,0.022662580467848078,53,7,1100,96,0.37807019016613497,0.9359291057269148,,COMPLETE
23,-0.0052744275006172455,2025-06-17 21:14:09.985353,2025-06-17 21:14:13.182432,0 days 00:00:03.197079,0.6502351969974833,0.022832832098571298,52,7,1000,80,0.36747704132979175,0.9345899629442372,,COMPLETE
24,-0.005286330097687022,2025-06-17 21:14:13.182432,2025-06-17 21:14:16.037336,0 days 00:00:02.854904,0.6427575225754343,0.02223182878815893,54,7,1000,80,0.36554684551081434,0.9326796746700479,,COMPLETE
25,-0.005281523046527662,2025-06-17 21:14:16.038333,2025-06-17 21:14:18.428140,0 days 00:00:02.389807,0.659440696162171,0.026077396156372928,64,7,900,80,0.2924722532485987,0.9119321732573652,,COMPLETE
26,-0.005284998027067729,2025-06-17 21:14:18.428140,2025-06-17 21:14:21.248345,0 days 00:00:02.820205,0.6334418324362179,0.018665825704000487,47,6,700,96,0.3561703307432116,0.8767366117480593,,COMPLETE
27,-0.005273891473632155,2025-06-17 21:14:21.249342,2025-06-17 21:14:23.560013,0 days 00:00:02.310671,0.7399352399889184,0.022389542521573293,35,5,1000,72,0.4440428989213114,0.9782744429233782,,COMPLETE
28,-0.005289964084720986,2025-06-17 21:14:23.560013,2025-06-17 21:14:26.009459,0 days 00:00:02.449446,0.748636027313055,0.021751659604182256,33,4,1000,72,0.44881627066734575,0.9813464620166039,,COMPLETE
29,-0.00530942597239868,2025-06-17 21:14:26.010456,2025-06-17 21:14:28.812813,0 days 00:00:02.802357,0.8145597946137848,0.01816402179528732,43,5,1000,120,0.28117500218460467,0.9388698535563382,,COMPLETE
30,0.005295848065327218,2025-06-17 21:14:28.812813,2025-06-17 21:14:31.021293,0 days 00:00:02.208480,0.7326267885811105,0.023974179720156207,33,5,1100,64,0.21630241896011573,0.9823835067624576,0.005295848065327218,PRUNED
31,-0.005280769271283114,2025-06-17 21:14:31.022290,2025-06-17 21:14:33.872337,0 days 00:00:02.850047,0.6980605127552363,0.022309761122264123,64,7,1000,96,0.4060582360001221,0.9639088903618078,,COMPLETE
32,-0.005274379390026361,2025-06-17 21:14:33.873334,2025-06-17 21:14:36.247804,0 days 00:00:02.374470,0.6240506232307891,0.027394925241813896,46,6,800,80,0.3453547749741463,0.945182657525797,,COMPLETE
33,-0.005286360952717393,2025-06-17 21:14:36.247804,2025-06-17 21:14:38.355347,0 days 00:00:02.107543,0.6551331714567922,0.027258823588917527,38,6,900,72,0.3435708924572467,0.9196067410640274,,COMPLETE
34,0.005303937706129767,2025-06-17 21:14:38.355347,2025-06-17 21:14:40.387907,0 days 00:00:02.032560,0.7782703481862665,0.024345133482203293,46,5,1100,80,0.4310256492595133,0.9411269834750802,0.005303937706129767,PRUNED
35,-0.005301917522565742,2025-06-17 21:14:40.387907,2025-06-17 21:14:43.165664,0 days 00:00:02.777757,0.9263915259408178,0.021027665338293935,24,6,900,72,0.39235781971140954,0.9767214230454369,,COMPLETE
36,-0.0052779143200102465,2025-06-17 21:14:43.165664,2025-06-17 21:14:45.949575,0 days 00:00:02.783911,0.6870998930024291,0.02487593991056519,51,7,1000,80,0.002898972031085134,0.9070129123494812,,COMPLETE
37,0.005378299788806593,2025-06-17 21:14:45.949575,2025-06-17 21:14:48.658073,0 days 00:00:02.708498,0.6264537697801668,0.015420891707233087,28,5,1100,64,0.47034164565857034,0.881191979787502,0.005378299788806593,PRUNED
38,-0.00531193059737762,2025-06-17 21:14:48.659070,2025-06-17 21:14:52.175399,0 days 00:00:03.516329,0.8191177879425826,0.018654039176951676,36,8,900,96,0.3679973513913055,0.9878135348458466,,COMPLETE
39,-0.005292113118178223,2025-06-17 21:14:52.175399,2025-06-17 21:14:53.949036,0 days 00:00:01.773637,0.656021027112154,0.022812587729534956,49,4,600,112,0.3404616949903585,0.9683225684857775,,COMPLETE
